[INFO] [2026-04-07T00:39:14.575Z] [INFO] UI page successfully built
[INFO] [2026-04-07T00:39:14.575Z] [INFO] UI buttons successfully built
[INFO] [2026-04-07T00:39:28.347Z] [INFO] UI page successfully built
[INFO] [2026-04-07T00:40:19.357Z] [INFO] UI page successfully built
[INFO] [2026-04-07T00:40:19.358Z] [INFO] UI buttons successfully built
[INFO] [2026-04-07T00:40:19.358Z] [INFO] Opening document
[INFO] [2026-04-07T00:40:33.883Z] [INFO] Successfully appended citadel_trooper_glow_disabled: 0
[INFO] [2026-04-07T00:40:33.884Z] [INFO] Successfully appended citadel_damage_offscreen_indicator_disabled: 1
[INFO] [2026-04-07T00:40:33.884Z] [INFO] Successfully appended citadel_boss_glow_disabled: 1
[INFO] [2026-04-07T00:40:33.885Z] [INFO] Successfully appended citadel_player_glow_disabled: 0
[INFO] [2026-04-07T00:40:33.885Z] [INFO] Successfully appended r_citadel_npr_outlines_max_dist: 600
[INFO] [2026-04-07T00:40:33.886Z] [INFO] Successfully appended r_citadel_selection_outline2_alpha: 0.2
[INFO] [2026-04-07T00:40:33.887Z] [INFO] Successfully appended r_citadel_npr_outlines: 0
[INFO] [2026-04-07T00:40:33.887Z] [INFO] Successfully appended r_citadel_npr_force_solid_outline: 0
[INFO] [2026-04-07T00:40:33.888Z] [INFO] Successfully appended r_citadel_outlines: 1
[INFO] [2026-04-07T00:40:33.888Z] [INFO] Successfully appended r_aspectratio: 2.15
[INFO] [2026-04-07T00:40:33.890Z] [INFO] Successfully appended citadel_camera_hero_fov: 100
[INFO] [2026-04-07T00:40:33.890Z] [INFO] Successfully appended citadel_hideout_ball_show_juggle_count: 1
[INFO] [2026-04-07T00:40:33.891Z] [INFO] Successfully appended citadel_hideout_ball_show_juggle_fx: 1
[INFO] [2026-04-07T00:40:33.891Z] [INFO] Successfully appended citadel_crosshair_hit_marker_duration: 0.0001
[INFO] [2026-04-07T00:40:33.892Z] [INFO] Successfully appended citadel_unit_status_use_new: 0
[INFO] [2026-04-07T00:40:33.892Z] [INFO] Successfully appended lb_enable_dynamic_lights: 0
[INFO] [2026-04-07T00:40:33.893Z] [INFO] Successfully appended lb_enable_stationary_lights: 0
[INFO] [2026-04-07T00:40:33.893Z] [INFO] Successfully appended r_citadel_shadow_quality: 0
[INFO] [2026-04-07T00:40:33.894Z] [INFO] Successfully appended csm_max_shadow_dist_override: 0
[INFO] [2026-04-07T00:40:33.894Z] [INFO] Successfully appended r_shadows: 0
[INFO] [2026-04-07T00:40:33.894Z] [INFO] Successfully appended r_size_cull_threshold_shadow: 200
[INFO] [2026-04-07T00:40:33.894Z] [INFO] Successfully appended lb_barnlight_shadowmap_scale: 0.1
[INFO] [2026-04-07T00:40:33.895Z] [INFO] Successfully appended lb_csm_cascade_size_override: 0.25
[INFO] [2026-04-07T00:40:33.895Z] [INFO] Successfully appended lb_enable_baked_shadows: 0
[INFO] [2026-04-07T00:40:33.896Z] [INFO] Successfully appended lb_csm_override_staticgeo_cascades_value: 0
[INFO] [2026-04-07T00:40:33.896Z] [INFO] Successfully appended lb_sun_csm_size_cull_threshold_texels: 30
[INFO] [2026-04-07T00:40:33.896Z] [INFO] Successfully appended lb_dynamic_shadow_resolution_base: 32
[INFO] [2026-04-07T00:40:33.896Z] [INFO] Successfully appended cl_globallight_shadow_mode: 0
[INFO] [2026-04-07T00:40:33.897Z] [INFO] Successfully appended lb_enable_shadow_casting: 0
[INFO] [2026-04-07T00:40:33.898Z] [INFO] Successfully appended fps_max: 0
[INFO] [2026-04-07T00:40:33.899Z] [INFO] Successfully appended cl_ragdoll_limit: 0
[INFO] [2026-04-07T00:40:33.900Z] [INFO] Successfully appended cl_disable_ragdolls: 1
[INFO] [2026-04-07T00:40:33.900Z] [INFO] Successfully appended mat_colorcorrection: 1
[INFO] [2026-04-07T00:40:33.900Z] [INFO] Successfully appended r_texture_budget_dynamic: 1
[INFO] [2026-04-07T00:40:33.901Z] [INFO] Successfully appended r_drawdecals: 0
[INFO] [2026-04-07T00:40:33.901Z] [INFO] Successfully appended r_decals: 1
[INFO] [2026-04-07T00:40:33.902Z] [INFO] Successfully appended r_character_decal_resolution: 0.01
[INFO] [2026-04-07T00:40:33.903Z] [INFO] Successfully appended r_depth_of_field: 0
[INFO] [2026-04-07T00:40:33.903Z] [INFO] Successfully appended r_effects_bloom: 0
[INFO] [2026-04-07T00:40:33.904Z] [INFO] Successfully appended r_post_bloom: 0
[INFO] [2026-04-07T00:40:33.905Z] [INFO] Successfully appended sc_clutter_enable: 0
[INFO] [2026-04-07T00:40:33.906Z] [INFO] Successfully appended r_drawtracers: 1
[INFO] [2026-04-07T00:40:33.907Z] [INFO] Successfully appended r_drawtracers_firstperson: 0
[INFO] [2026-04-07T00:40:33.907Z] [INFO] Successfully appended cl_input_enable_raw_keyboard: 1
[INFO] [2026-04-07T00:40:33.908Z] [INFO] Successfully appended m_rawinput: 1
[INFO] [2026-04-07T00:40:38.919Z] [INFO] Successfully appended citadel_trooper_glow_disabled: 1
[INFO] [2026-04-07T00:40:38.920Z] [INFO] Successfully appended citadel_damage_offscreen_indicator_disabled: 1
[INFO] [2026-04-07T00:40:38.920Z] [INFO] Successfully appended citadel_boss_glow_disabled: 1
[INFO] [2026-04-07T00:40:38.921Z] [INFO] Successfully appended citadel_player_glow_disabled: 0
[INFO] [2026-04-07T00:40:38.921Z] [INFO] Successfully appended r_citadel_npr_outlines_max_dist: 600
[INFO] [2026-04-07T00:40:38.922Z] [INFO] Successfully appended r_citadel_selection_outline2_alpha: 0.2
[INFO] [2026-04-07T00:40:38.923Z] [INFO] Successfully appended r_citadel_npr_outlines: 0
[INFO] [2026-04-07T00:40:38.923Z] [INFO] Successfully appended r_citadel_npr_force_solid_outline: 0
[INFO] [2026-04-07T00:40:38.924Z] [INFO] Successfully appended r_citadel_outlines: 1
[INFO] [2026-04-07T00:40:38.925Z] [INFO] Successfully appended r_aspectratio: 2.15
[INFO] [2026-04-07T00:40:38.925Z] [INFO] Successfully appended citadel_camera_hero_fov: 100
[INFO] [2026-04-07T00:40:38.925Z] [INFO] Successfully appended citadel_unit_status_use_new: 0
[INFO] [2026-04-07T00:40:38.926Z] [INFO] Successfully appended citadel_hideout_ball_show_juggle_count: 1
[INFO] [2026-04-07T00:40:38.927Z] [INFO] Successfully appended citadel_hideout_ball_show_juggle_fx: 1
[INFO] [2026-04-07T00:40:38.927Z] [INFO] Successfully appended citadel_crosshair_hit_marker_duration: 0.0001
[INFO] [2026-04-07T00:40:38.928Z] [INFO] Successfully appended lb_enable_stationary_lights: 0
[INFO] [2026-04-07T00:40:38.928Z] [INFO] Successfully appended lb_enable_dynamic_lights: 0
[INFO] [2026-04-07T00:40:38.929Z] [INFO] Successfully appended lb_enable_baked_shadows: 0
[INFO] [2026-04-07T00:40:38.929Z] [INFO] Successfully appended r_shadows: 0
[INFO] [2026-04-07T00:40:38.930Z] [INFO] Successfully appended r_citadel_shadow_quality: 0
[INFO] [2026-04-07T00:40:38.930Z] [INFO] Successfully appended csm_max_shadow_dist_override: 0
[INFO] [2026-04-07T00:40:38.931Z] [INFO] Successfully appended r_size_cull_threshold_shadow: 200
[INFO] [2026-04-07T00:40:38.932Z] [INFO] Successfully appended lb_barnlight_shadowmap_scale: 0.1
[INFO] [2026-04-07T00:40:38.933Z] [INFO] Successfully appended lb_csm_cascade_size_override: 0.25
[INFO] [2026-04-07T00:40:38.933Z] [INFO] Successfully appended lb_csm_override_staticgeo_cascades_value: 0
[INFO] [2026-04-07T00:40:38.934Z] [INFO] Successfully appended lb_sun_csm_size_cull_threshold_texels: 30
[INFO] [2026-04-07T00:40:38.935Z] [INFO] Successfully appended lb_dynamic_shadow_resolution_base: 32
[INFO] [2026-04-07T00:40:38.935Z] [INFO] Successfully appended cl_globallight_shadow_mode: 0
[INFO] [2026-04-07T00:40:38.936Z] [INFO] Successfully appended lb_enable_shadow_casting: 0
[INFO] [2026-04-07T00:40:38.936Z] [INFO] Successfully appended fps_max: 0
[INFO] [2026-04-07T00:40:38.937Z] [INFO] Successfully appended cl_ragdoll_limit: 0
[INFO] [2026-04-07T00:40:38.937Z] [INFO] Successfully appended cl_disable_ragdolls: 1
[INFO] [2026-04-07T00:40:38.938Z] [INFO] Successfully appended mat_colorcorrection: 1
[INFO] [2026-04-07T00:40:38.938Z] [INFO] Successfully appended r_texture_budget_dynamic: 1
[INFO] [2026-04-07T00:40:38.939Z] [INFO] Successfully appended r_drawdecals: 0
[INFO] [2026-04-07T00:40:38.939Z] [INFO] Successfully appended r_decals: 1
[INFO] [2026-04-07T00:40:38.940Z] [INFO] Successfully appended r_character_decal_resolution: 0.01
[INFO] [2026-04-07T00:40:38.940Z] [INFO] Successfully appended r_depth_of_field: 0
[INFO] [2026-04-07T00:40:38.940Z] [INFO] Successfully appended r_effects_bloom: 0
[INFO] [2026-04-07T00:40:38.941Z] [INFO] Successfully appended r_post_bloom: 0
[INFO] [2026-04-07T00:40:38.941Z] [INFO] Successfully appended sc_clutter_enable: 0
[INFO] [2026-04-07T00:40:38.942Z] [INFO] Successfully appended r_drawtracers: 1
[INFO] [2026-04-07T00:40:38.943Z] [INFO] Successfully appended r_drawtracers_firstperson: 0
[INFO] [2026-04-07T00:40:38.943Z] [INFO] Successfully appended cl_input_enable_raw_keyboard: 1
[INFO] [2026-04-07T00:40:38.943Z] [INFO] Successfully appended m_rawinput: 1
[INFO] [2026-04-07T00:43:02.901Z] [INFO] UI page successfully built
[INFO] [2026-04-07T00:43:02.902Z] [INFO] UI buttons successfully built
[INFO] [2026-04-07T00:43:02.902Z] [INFO] Opening document
[INFO] [2026-04-07T00:43:12.347Z] [INFO] UI page successfully built
[INFO] [2026-04-07T00:43:12.348Z] [INFO] UI buttons successfully built
[INFO] [2026-04-07T00:43:12.350Z] [INFO] Opening document
[INFO] [2026-04-07T00:43:15.015Z] [INFO] Successfully appended citadel_trooper_glow_disabled:  
[INFO] [2026-04-07T00:43:15.015Z] [INFO] Successfully appended citadel_damage_offscreen_indicator_disabled:  
[INFO] [2026-04-07T00:43:15.016Z] [INFO] Successfully appended citadel_boss_glow_disabled:  
[INFO] [2026-04-07T00:43:15.017Z] [INFO] Successfully appended citadel_player_glow_disabled:  
[INFO] [2026-04-07T00:43:15.017Z] [INFO] Successfully appended r_citadel_npr_outlines_max_dist:  
[INFO] [2026-04-07T00:43:15.018Z] [INFO] Successfully appended r_citadel_selection_outline2_alpha: undefined
[INFO] [2026-04-07T00:43:15.018Z] [INFO] Successfully appended r_citadel_npr_outlines:  
[INFO] [2026-04-07T00:43:15.019Z] [INFO] Successfully appended r_citadel_npr_force_solid_outline:  
[INFO] [2026-04-07T00:43:15.020Z] [INFO] Successfully appended r_citadel_outlines:  
[INFO] [2026-04-07T00:43:15.020Z] [INFO] Successfully appended r_aspectratio: undefined
[INFO] [2026-04-07T00:43:15.021Z] [INFO] Successfully appended citadel_camera_hero_fov: r
[INFO] [2026-04-07T00:43:15.021Z] [INFO] Successfully appended citadel_unit_status_use_new:  
[INFO] [2026-04-07T00:43:15.023Z] [INFO] Successfully appended citadel_hideout_ball_show_juggle_count:  
[INFO] [2026-04-07T00:43:15.023Z] [INFO] Successfully appended citadel_hideout_ball_show_juggle_fx:  
[INFO] [2026-04-07T00:43:15.023Z] [INFO] Successfully appended citadel_crosshair_hit_marker_duration: undefined
[INFO] [2026-04-07T00:43:15.024Z] [INFO] Successfully appended lb_enable_stationary_lights:  
[INFO] [2026-04-07T00:43:15.024Z] [INFO] Successfully appended lb_enable_dynamic_lights:  
[INFO] [2026-04-07T00:43:15.025Z] [INFO] Successfully appended lb_enable_baked_shadows:  
[INFO] [2026-04-07T00:43:15.026Z] [INFO] Successfully appended r_shadows:  
[INFO] [2026-04-07T00:43:15.027Z] [INFO] Successfully appended r_citadel_shadow_quality:  
[INFO] [2026-04-07T00:43:15.027Z] [INFO] Successfully appended csm_max_shadow_dist_override:  
[INFO] [2026-04-07T00:43:15.027Z] [INFO] Successfully appended r_size_cull_threshold_shadow: o
[INFO] [2026-04-07T00:43:15.028Z] [INFO] Successfully appended lb_barnlight_shadowmap_scale: undefined
[INFO] [2026-04-07T00:43:15.029Z] [INFO] Successfully appended lb_csm_cascade_size_override: undefined
[INFO] [2026-04-07T00:43:15.030Z] [INFO] Successfully appended lb_csm_override_staticgeo_cascades_value:  
[INFO] [2026-04-07T00:43:15.030Z] [INFO] Successfully appended lb_sun_csm_size_cull_threshold_texels: d
[INFO] [2026-04-07T00:43:15.031Z] [INFO] Successfully appended lb_dynamic_shadow_resolution_base: s
[INFO] [2026-04-07T00:43:15.031Z] [INFO] Successfully appended cl_globallight_shadow_mode:  
[INFO] [2026-04-07T00:43:15.032Z] [INFO] Successfully appended lb_enable_shadow_casting:  
[INFO] [2026-04-07T00:43:15.033Z] [INFO] Successfully appended fps_max:  
[INFO] [2026-04-07T00:43:15.034Z] [INFO] Successfully appended cl_ragdoll_limit:  
[INFO] [2026-04-07T00:43:15.034Z] [INFO] Successfully appended cl_disable_ragdolls:  
[INFO] [2026-04-07T00:43:15.035Z] [INFO] Successfully appended mat_colorcorrection:  
[INFO] [2026-04-07T00:43:15.036Z] [INFO] Successfully appended r_texture_budget_dynamic:  
[INFO] [2026-04-07T00:43:15.038Z] [INFO] Successfully appended r_drawdecals:  
[INFO] [2026-04-07T00:43:15.038Z] [INFO] Successfully appended r_decals:  
[INFO] [2026-04-07T00:43:15.039Z] [INFO] Successfully appended r_character_decal_resolution: undefined
[INFO] [2026-04-07T00:43:15.039Z] [INFO] Successfully appended r_depth_of_field:  
[INFO] [2026-04-07T00:43:15.040Z] [INFO] Successfully appended r_effects_bloom:  
[INFO] [2026-04-07T00:43:15.041Z] [INFO] Successfully appended r_post_bloom:  
[INFO] [2026-04-07T00:43:15.043Z] [INFO] Successfully appended sc_clutter_enable:  
[INFO] [2026-04-07T00:43:15.045Z] [INFO] Successfully appended r_drawtracers:  
[INFO] [2026-04-07T00:43:15.046Z] [INFO] Successfully appended r_drawtracers_firstperson:  
[INFO] [2026-04-07T00:43:15.047Z] [INFO] Successfully appended cl_input_enable_raw_keyboard:  
[INFO] [2026-04-07T00:43:15.049Z] [INFO] Successfully appended m_rawinput:  
[INFO] [2026-04-07T00:47:22.494Z] [INFO] UI page successfully built
[INFO] [2026-04-07T00:47:22.495Z] [INFO] UI buttons successfully built
[INFO] [2026-04-07T00:47:22.497Z] [INFO] Opening document
[INFO] [2026-04-07T00:48:02.208Z] [INFO] UI page successfully built
[INFO] [2026-04-07T00:48:02.208Z] [INFO] UI buttons successfully built
[INFO] [2026-04-07T00:48:02.210Z] [INFO] Opening document
[INFO] [2026-04-07T00:49:57.999Z] [INFO] UI page successfully built
[INFO] [2026-04-07T00:49:58.000Z] [INFO] UI buttons successfully built
[INFO] [2026-04-07T00:49:58.008Z] [INFO] Opening document
[INFO] [2026-04-07T00:50:09.495Z] [INFO] Successfully changed citadel_trooper_glow_disabled: 1
